<?xml version="1.0" encoding="UTF-8"?>
<testng-results skipped="0" failed="0" ignored="0" total="1" passed="1">
  <reporter-output>
  </reporter-output>
  <suite name="Default suite" duration-ms="26977" started-at="2020-06-24T20:00:25 EDT" finished-at="2020-06-24T20:00:52 EDT">
    <groups>
      <group name="cucumber">
        <method signature="AbstractTestNGCucumberTests.runScenario(cucumber.api.testng.PickleEventWrapper, cucumber.api.testng.CucumberFeatureWrapper)[pri:0, instance:com.runner.Zoopla@131276c2]" name="runScenario" class="cucumber.api.testng.AbstractTestNGCucumberTests"/>
      </group> <!-- cucumber -->
    </groups>
    <test name="Default test" duration-ms="26977" started-at="2020-06-24T20:00:25 EDT" finished-at="2020-06-24T20:00:52 EDT">
      <class name="com.runner.Zoopla">
        <test-method status="PASS" signature="setUpClass()[pri:0, instance:com.runner.Zoopla@131276c2]" name="setUpClass" is-config="true" duration-ms="152" started-at="2020-06-24T20:00:25 EDT" finished-at="2020-06-24T20:00:25 EDT">
          <reporter-output>
          </reporter-output>
        </test-method> <!-- setUpClass -->
        <test-method status="PASS" signature="runScenario(cucumber.api.testng.PickleEventWrapper, cucumber.api.testng.CucumberFeatureWrapper)[pri:0, instance:com.runner.Zoopla@131276c2]" name="runScenario" duration-ms="25946" started-at="2020-06-24T20:00:25 EDT" description="Runs Cucumber Scenarios" data-provider="scenarios" finished-at="2020-06-24T20:00:51 EDT">
          <params>
            <param index="0">
              <value>
                <![CDATA["User is able to signin"]]>
              </value>
            </param>
            <param index="1">
              <value>
                <![CDATA["Zoopla"]]>
              </value>
            </param>
          </params>
          <reporter-output>
          </reporter-output>
        </test-method> <!-- runScenario -->
        <test-method status="PASS" signature="tearDownClass()[pri:0, instance:com.runner.Zoopla@131276c2]" name="tearDownClass" is-config="true" duration-ms="808" started-at="2020-06-24T20:00:51 EDT" finished-at="2020-06-24T20:00:52 EDT">
          <reporter-output>
          </reporter-output>
        </test-method> <!-- tearDownClass -->
      </class> <!-- com.runner.Zoopla -->
    </test> <!-- Default test -->
  </suite> <!-- Default suite -->
</testng-results>
